Using pre-set license
Built from '2020.3/staging' branch; Version is '2020.3.4f1 (0abb6314276a) revision 703331'; Using compiler version '192528614'; Build Type 'Release'
OS: 'Windows 10 Home; OS build 19042.928; Version 2009; 64bit' Language: 'en' Physical Memory: 16341 MB
BatchMode: 1, IsHumanControllingUs: 0, StartBugReporterOnCrash: 0, Is64bit: 1, IsPro: 0

 COMMAND LINE ARGUMENTS:
C:\Program Files\Unity\Hub\Editor\2020.3.4f1\Editor\Unity.exe
-adb2
-batchMode
-noUpm
-name
AssetImportWorker0
-projectPath
C:/Users/Warst/Documents/GitHub/LDFinal/LDFinal
-logFile
Logs/AssetImportWorker0.log
-srvPort
55468
Successfully changed project path to: C:/Users/Warst/Documents/GitHub/LDFinal/LDFinal
C:/Users/Warst/Documents/GitHub/LDFinal/LDFinal
Using Asset Import Pipeline V2.
Refreshing native plugins compatible for Editor in 44.53 ms, found 0 plugins.
Preloading 0 native plugins for Editor in 0.00 ms.
Initialize engine version: 2020.3.4f1 (0abb6314276a)
[Subsystems] Discovering subsystems at path C:/Program Files/Unity/Hub/Editor/2020.3.4f1/Editor/Data/Resources/UnitySubsystems
[Subsystems] Discovering subsystems at path C:/Users/Warst/Documents/GitHub/LDFinal/LDFinal/Assets
GfxDevice: creating device client; threaded=0
Direct3D:
    Version:  Direct3D 11.0 [level 11.1]
    Renderer: NVIDIA GeForce GTX 1070 (ID=0x1b81)
    Vendor:   
    VRAM:     8088 MB
    Driver:   27.21.14.6140
Initialize mono
Mono path[0] = 'C:/Program Files/Unity/Hub/Editor/2020.3.4f1/Editor/Data/Managed'
Mono path[1] = 'C:/Program Files/Unity/Hub/Editor/2020.3.4f1/Editor/Data/MonoBleedingEdge/lib/mono/unityjit'
Mono config path = 'C:/Program Files/Unity/Hub/Editor/2020.3.4f1/Editor/Data/MonoBleedingEdge/etc'
Using monoOptions --debugger-agent=transport=dt_socket,embedding=1,server=y,suspend=n,address=127.0.0.1:56256
Begin MonoManager ReloadAssembly
Registering precompiled unity dll's ...
Register platform support module: C:/Program Files/Unity/Hub/Editor/2020.3.4f1/Editor/Data/PlaybackEngines/WindowsStandaloneSupport/UnityEditor.WindowsStandalone.Extensions.dll
Registered in 0.004242 seconds.
Native extension for WindowsStandalone target not found
Refreshing native plugins compatible for Editor in 59.81 ms, found 0 plugins.
Preloading 0 native plugins for Editor in 0.00 ms.
Mono: successfully reloaded assembly
- Completed reload, in  1.750 seconds
Platform modules already initialized, skipping
Registering precompiled user dll's ...
Registered in 0.002476 seconds.
Begin MonoManager ReloadAssembly
Native extension for WindowsStandalone target not found
Refreshing native plugins compatible for Editor in 0.45 ms, found 0 plugins.
Preloading 0 native plugins for Editor in 0.00 ms.
Mono: successfully reloaded assembly
- Completed reload, in  1.159 seconds
Platform modules already initialized, skipping
========================================================================
Worker process is ready to serve import requests
Launched and connected shader compiler UnityShaderCompiler.exe after 0.05 seconds
Refreshing native plugins compatible for Editor in 0.68 ms, found 0 plugins.
Preloading 0 native plugins for Editor in 0.00 ms.
Unloading 1793 Unused Serialized files (Serialized files now loaded: 0)
System memory in use before: 96.6 MB.
System memory in use after: 96.7 MB.

Unloading 73 unused Assets to reduce memory usage. Loaded Objects now: 2248.
Total: 2.523500 ms (FindLiveObjects: 0.194800 ms CreateObjectMapping: 0.065300 ms MarkObjects: 2.117000 ms  DeleteObjects: 0.145500 ms)

========================================================================
Received Import Request.
  path: Assets/Level1/Level 1.unity
  artifactKey: Guid(3dd583bee9aeb7b4abdc9cba19760100) Importer(815301076,1909f56bfc062723c751e8b465ee728b)
Start importing Assets/Level1/Level 1.unity using Guid(3dd583bee9aeb7b4abdc9cba19760100) Importer(815301076,1909f56bfc062723c751e8b465ee728b)  -> (artifact id: '99520b7681aa3576ec4ec501b6ce85b4') in 0.009071 seconds
  Import took 0.037498 seconds .

========================================================================
Received Prepare
Registering precompiled user dll's ...
Registered in 0.003000 seconds.
Begin MonoManager ReloadAssembly
Native extension for WindowsStandalone target not found
Refreshing native plugins compatible for Editor in 0.44 ms, found 0 plugins.
Preloading 0 native plugins for Editor in 0.00 ms.
Warning: Annotation not found!
UnityEngine.StackTraceUtility:ExtractStackTrace ()
UnityEditor.ProBuilder.EditorUtility:SetGizmoIconEnabled (System.Type,bool) (at Library/PackageCache/com.unity.probuilder@4.5.0/Editor/EditorCore/EditorUtility.cs:593)
UnityEditor.ProBuilder.HierarchyListener:.cctor () (at Library/PackageCache/com.unity.probuilder@4.5.0/Editor/EditorCore/HierarchyListener.cs:21)
System.Runtime.CompilerServices.RuntimeHelpers:RunClassConstructor (System.RuntimeTypeHandle)
UnityEditor.EditorAssemblies:ProcessInitializeOnLoadAttributes (System.Type[])

[Library/PackageCache/com.unity.probuilder@4.5.0/Editor/EditorCore/EditorUtility.cs line 593]

Mono: successfully reloaded assembly
- Completed reload, in  1.378 seconds
Platform modules already initialized, skipping
Refreshing native plugins compatible for Editor in 0.54 ms, found 0 plugins.
Preloading 0 native plugins for Editor in 0.00 ms.
Unloading 1745 Unused Serialized files (Serialized files now loaded: 0)
System memory in use before: 92.8 MB.
System memory in use after: 92.9 MB.

Unloading 5 unused Assets to reduce memory usage. Loaded Objects now: 2251.
Total: 2.520500 ms (FindLiveObjects: 0.219900 ms CreateObjectMapping: 0.068000 ms MarkObjects: 2.213000 ms  DeleteObjects: 0.017600 ms)

========================================================================
Received Import Request.
  Time since last request: 5290.260828 seconds.
  path: Assets/FPS/Prefabs/Pickups
  artifactKey: Guid(e1397986f88254c4c80a6b24183d0b22) Importer(815301076,1909f56bfc062723c751e8b465ee728b)
Start importing Assets/FPS/Prefabs/Pickups using Guid(e1397986f88254c4c80a6b24183d0b22) Importer(815301076,1909f56bfc062723c751e8b465ee728b)  -> (artifact id: 'a5a4ff8af0e79751b77cddd42f89f2d9') in 0.077712 seconds
  Import took 0.183481 seconds .

========================================================================
Received Import Request.
  Time since last request: 0.000805 seconds.
  path: Assets/FPS/Prefabs/Pickups/Pickup_Blaster.prefab
  artifactKey: Guid(fe0bc5bbccc19ef47a15b81c0abbb779) Importer(815301076,1909f56bfc062723c751e8b465ee728b)
Start importing Assets/FPS/Prefabs/Pickups/Pickup_Blaster.prefab using Guid(fe0bc5bbccc19ef47a15b81c0abbb779) Importer(815301076,1909f56bfc062723c751e8b465ee728b)  -> (artifact id: '0b3a2fc908aafc845dd0c245dd20458e') in 0.608545 seconds
  Import took 0.617907 seconds .

========================================================================
Received Import Request.
  Time since last request: 0.000940 seconds.
  path: Assets/FPS/Prefabs/Pickups/Pickup_Jetpack.prefab
  artifactKey: Guid(d771f03a2656e194fba5a444d5a3d9e7) Importer(815301076,1909f56bfc062723c751e8b465ee728b)
Start importing Assets/FPS/Prefabs/Pickups/Pickup_Jetpack.prefab using Guid(d771f03a2656e194fba5a444d5a3d9e7) Importer(815301076,1909f56bfc062723c751e8b465ee728b)  -> (artifact id: '6a3ba0d2ccb238ce47d8d5ab9ded572d') in 0.733804 seconds
  Import took 0.759815 seconds .

========================================================================
Received Import Request.
  Time since last request: 0.000587 seconds.
  path: Assets/FPS/Prefabs/Pickups/Loot_Jetpack.prefab
  artifactKey: Guid(0bb4e7bdf1aec0247854edd179ed1557) Importer(815301076,1909f56bfc062723c751e8b465ee728b)
Start importing Assets/FPS/Prefabs/Pickups/Loot_Jetpack.prefab using Guid(0bb4e7bdf1aec0247854edd179ed1557) Importer(815301076,1909f56bfc062723c751e8b465ee728b)  -> (artifact id: '67a63cb8006da59266e5df00f5fe8a1b') in 0.116182 seconds
  Import took 0.138775 seconds .

========================================================================
Received Import Request.
  Time since last request: 0.000561 seconds.
  path: Assets/FPS/Prefabs/Pickups/Pickup_Health.prefab
  artifactKey: Guid(d40ae884302b6684a8b3b6f3d55a71ba) Importer(815301076,1909f56bfc062723c751e8b465ee728b)
Start importing Assets/FPS/Prefabs/Pickups/Pickup_Health.prefab using Guid(d40ae884302b6684a8b3b6f3d55a71ba) Importer(815301076,1909f56bfc062723c751e8b465ee728b)  -> (artifact id: '1b3023e7143818cb8120a6180e57683d') in 3.317106 seconds
  Import took 3.325647 seconds .

========================================================================
Received Import Request.
  Time since last request: 0.000507 seconds.
  path: Assets/FPS/Prefabs/Pickups/Pickup_Shotgun.prefab
  artifactKey: Guid(66d579771ab0ab94a92b3411ba179621) Importer(815301076,1909f56bfc062723c751e8b465ee728b)
Start importing Assets/FPS/Prefabs/Pickups/Pickup_Shotgun.prefab using Guid(66d579771ab0ab94a92b3411ba179621) Importer(815301076,1909f56bfc062723c751e8b465ee728b)  -> (artifact id: '8b059d7a2a5ce05adf39512a20fda34b') in 0.939599 seconds
  Import took 0.977970 seconds .

========================================================================
Received Import Request.
  Time since last request: 0.000903 seconds.
  path: Assets/FPS/Prefabs/Pickups/Loot_Health.prefab
  artifactKey: Guid(9973c412032becb4ca116ca08be62edf) Importer(815301076,1909f56bfc062723c751e8b465ee728b)
Start importing Assets/FPS/Prefabs/Pickups/Loot_Health.prefab using Guid(9973c412032becb4ca116ca08be62edf) Importer(815301076,1909f56bfc062723c751e8b465ee728b)  -> (artifact id: '58a5774ef585f7dc141d0a14d85773d7') in 0.035245 seconds
  Import took 0.044125 seconds .

========================================================================
Received Import Request.
  Time since last request: 0.000561 seconds.
  path: Assets/FPS/Prefabs/Pickups/Pickup_Launcher.prefab
  artifactKey: Guid(a7fa348d53593bb42922672c6cf40651) Importer(815301076,1909f56bfc062723c751e8b465ee728b)
Start importing Assets/FPS/Prefabs/Pickups/Pickup_Launcher.prefab using Guid(a7fa348d53593bb42922672c6cf40651) Importer(815301076,1909f56bfc062723c751e8b465ee728b)  -> (artifact id: '4e79678f1b21320bf432eb0f96853a15') in 0.292253 seconds
  Import took 0.317087 seconds .

========================================================================
Received Import Request.
  Time since last request: 43.229028 seconds.
  path: Assets/FPS/Prefabs/Projectiles
  artifactKey: Guid(515c825cf8783a4478e533bc8620ab12) Importer(815301076,1909f56bfc062723c751e8b465ee728b)
Start importing Assets/FPS/Prefabs/Projectiles using Guid(515c825cf8783a4478e533bc8620ab12) Importer(815301076,1909f56bfc062723c751e8b465ee728b)  -> (artifact id: '80f23c4e31d1017384e68ac57ad5c322') in 0.025148 seconds
  Import took 0.043237 seconds .

========================================================================
Received Import Request.
  Time since last request: 0.040670 seconds.
  path: Assets/FPS/Prefabs/Projectiles/Projectile_Blaster.prefab
  artifactKey: Guid(3c6b27d949cdda749892906e1f1d1b27) Importer(815301076,1909f56bfc062723c751e8b465ee728b)
Start importing Assets/FPS/Prefabs/Projectiles/Projectile_Blaster.prefab using Guid(3c6b27d949cdda749892906e1f1d1b27) Importer(815301076,1909f56bfc062723c751e8b465ee728b)  -> (artifact id: 'f030a1cba34a617d969d3bd826a06870') in 0.031140 seconds
  Import took 0.039783 seconds .

========================================================================
Received Import Request.
  Time since last request: 0.000481 seconds.
  path: Assets/FPS/Prefabs/Projectiles/Projectile_Hoverbot.prefab
  artifactKey: Guid(ec753d54f333bb944b8b04884ad63828) Importer(815301076,1909f56bfc062723c751e8b465ee728b)
Start importing Assets/FPS/Prefabs/Projectiles/Projectile_Hoverbot.prefab using Guid(ec753d54f333bb944b8b04884ad63828) Importer(815301076,1909f56bfc062723c751e8b465ee728b)  -> (artifact id: '7944165df9362f8e4dc8c0fa39aa0176') in 0.042439 seconds
  Import took 0.069974 seconds .

========================================================================
Received Import Request.
  Time since last request: 0.000572 seconds.
  path: Assets/FPS/Prefabs/Projectiles/Projectile_Shotgun.prefab
  artifactKey: Guid(f05c7e6fbbfbe824388456bb4abff9d4) Importer(815301076,1909f56bfc062723c751e8b465ee728b)
Start importing Assets/FPS/Prefabs/Projectiles/Projectile_Shotgun.prefab using Guid(f05c7e6fbbfbe824388456bb4abff9d4) Importer(815301076,1909f56bfc062723c751e8b465ee728b)  -> (artifact id: '2eb6e2e22d1f3866227f3435e8e5cd91') in 0.042244 seconds
  Import took 0.049489 seconds .

========================================================================
Received Import Request.
  Time since last request: 0.000462 seconds.
  path: Assets/FPS/Prefabs/Projectiles/Projectile_Disc.prefab
  artifactKey: Guid(0e23901b938cf4f4eb86850d912715eb) Importer(815301076,1909f56bfc062723c751e8b465ee728b)
Start importing Assets/FPS/Prefabs/Projectiles/Projectile_Disc.prefab using Guid(0e23901b938cf4f4eb86850d912715eb) Importer(815301076,1909f56bfc062723c751e8b465ee728b)  -> (artifact id: '53df774b9c895908b6ddc5d4185bfb11') in 0.048419 seconds
  Import took 0.057442 seconds .

========================================================================
Received Import Request.
  Time since last request: 0.000576 seconds.
  path: Assets/FPS/Prefabs/Projectiles/Projectile_Turret.prefab
  artifactKey: Guid(154bfb4989fe16d439e8f3fb7c20b72b) Importer(815301076,1909f56bfc062723c751e8b465ee728b)
Start importing Assets/FPS/Prefabs/Projectiles/Projectile_Turret.prefab using Guid(154bfb4989fe16d439e8f3fb7c20b72b) Importer(815301076,1909f56bfc062723c751e8b465ee728b)  -> (artifact id: 'e749da047c1b3eef0a0f0382484dd62b') in 0.013073 seconds
  Import took 0.020365 seconds .

========================================================================
Received Import Request.
  Time since last request: 2.818194 seconds.
  path: Assets/FPS/Prefabs/Enemies
  artifactKey: Guid(18823e7e7ece9234c8632787001b69a3) Importer(815301076,1909f56bfc062723c751e8b465ee728b)
Start importing Assets/FPS/Prefabs/Enemies using Guid(18823e7e7ece9234c8632787001b69a3) Importer(815301076,1909f56bfc062723c751e8b465ee728b)  -> (artifact id: '78a7c875a3e0eccbb2cf2cb89c63bc14') in 0.005190 seconds
  Import took 0.012185 seconds .

========================================================================
Received Import Request.
  Time since last request: 0.050071 seconds.
  path: Assets/FPS/Prefabs/Enemies/Enemy_HoverBot.prefab
  artifactKey: Guid(25a1b0efadb966e44889fce712c8ff8d) Importer(815301076,1909f56bfc062723c751e8b465ee728b)
Start importing Assets/FPS/Prefabs/Enemies/Enemy_HoverBot.prefab using Guid(25a1b0efadb966e44889fce712c8ff8d) Importer(815301076,1909f56bfc062723c751e8b465ee728b)  -> (artifact id: '8286e7e64dd05d24817b22ce46ff5747') in 5.767143 seconds
  Import took 5.778251 seconds .

========================================================================
Received Import Request.
  Time since last request: 0.000561 seconds.
  path: Assets/FPS/Prefabs/Enemies/Enemy_Turret.prefab
  artifactKey: Guid(e29d43f43cc5d82499dd9926e01847d3) Importer(815301076,1909f56bfc062723c751e8b465ee728b)
Start importing Assets/FPS/Prefabs/Enemies/Enemy_Turret.prefab using Guid(e29d43f43cc5d82499dd9926e01847d3) Importer(815301076,1909f56bfc062723c751e8b465ee728b)  -> (artifact id: 'c8438b17f36ee4867421e4289a851503') in 0.671821 seconds
  Import took 0.681558 seconds .

========================================================================
Received Import Request.
  Time since last request: 1453.122311 seconds.
  path: Assets/Metal Floor (Rust Low)/Materials
  artifactKey: Guid(41d203c3f739f2c40907f625cf8ee137) Importer(815301076,1909f56bfc062723c751e8b465ee728b)
Start importing Assets/Metal Floor (Rust Low)/Materials using Guid(41d203c3f739f2c40907f625cf8ee137) Importer(815301076,1909f56bfc062723c751e8b465ee728b)  -> (artifact id: 'f8ba8f98a027765d68a7a538604d04a8') in 0.004860 seconds
  Import took 0.012078 seconds .

========================================================================
Received Import Request.
  Time since last request: 0.075034 seconds.
  path: Assets/Metal Floor (Rust Low)/Materials/Metal_floor_AO.mat
  artifactKey: Guid(4e409aae905d4504fbf5e6b0e1f9b72f) Importer(815301076,1909f56bfc062723c751e8b465ee728b)
Start importing Assets/Metal Floor (Rust Low)/Materials/Metal_floor_AO.mat using Guid(4e409aae905d4504fbf5e6b0e1f9b72f) Importer(815301076,1909f56bfc062723c751e8b465ee728b)  -> (artifact id: 'ff8963db147e00a10f73086f7967c10f') in 0.084654 seconds
  Import took 0.092169 seconds .

========================================================================
Received Import Request.
  Time since last request: 0.000471 seconds.
  path: Assets/Metal Floor (Rust Low)/Materials/Metal_floor_diffuse.mat
  artifactKey: Guid(00749d5d35cc1954e921c982fb0b893b) Importer(815301076,1909f56bfc062723c751e8b465ee728b)
Start importing Assets/Metal Floor (Rust Low)/Materials/Metal_floor_diffuse.mat using Guid(00749d5d35cc1954e921c982fb0b893b) Importer(815301076,1909f56bfc062723c751e8b465ee728b)  -> (artifact id: '3afab27d2dba5012e645a197d1f0fe9f') in 0.016407 seconds
  Import took 0.045014 seconds .

========================================================================
Received Import Request.
  Time since last request: 0.000477 seconds.
  path: Assets/Metal Floor (Rust Low)/Materials/Metal_floor_PSD.mat
  artifactKey: Guid(c9a9149f77991384eb557211401adb60) Importer(815301076,1909f56bfc062723c751e8b465ee728b)
Start importing Assets/Metal Floor (Rust Low)/Materials/Metal_floor_PSD.mat using Guid(c9a9149f77991384eb557211401adb60) Importer(815301076,1909f56bfc062723c751e8b465ee728b)  -> (artifact id: '856c70a5d6f783ad3ffee5be3a16fa34') in 0.023286 seconds
  Import took 0.029442 seconds .

========================================================================
Received Import Request.
  Time since last request: 13.672761 seconds.
  path: Assets/Metal Floor (Rust Low)/Material
  artifactKey: Guid(6eb06c76a84dedc4fac6a9d5cdcc803d) Importer(815301076,1909f56bfc062723c751e8b465ee728b)
Start importing Assets/Metal Floor (Rust Low)/Material using Guid(6eb06c76a84dedc4fac6a9d5cdcc803d) Importer(815301076,1909f56bfc062723c751e8b465ee728b)  -> (artifact id: '73095c2a6763f565b343871adb13d0a3') in 0.003807 seconds
  Import took 0.011257 seconds .

========================================================================
Received Import Request.
  Time since last request: 0.200491 seconds.
  path: Assets/Metal Floor (Rust Low)/Material/Metal_floor (Rust Low).mat
  artifactKey: Guid(401ad4983cc206c4f923a26dd2542db1) Importer(815301076,1909f56bfc062723c751e8b465ee728b)
Start importing Assets/Metal Floor (Rust Low)/Material/Metal_floor (Rust Low).mat using Guid(401ad4983cc206c4f923a26dd2542db1) Importer(815301076,1909f56bfc062723c751e8b465ee728b)  -> (artifact id: '0b359e86a091f37d16a1f1b0cab15cdb') in 0.070793 seconds
  Import took 0.077688 seconds .

AssetImportWorkerClient::OnTransportError - code=2 error=End of file
